<?xml version="1.0" encoding="UTF-8"?>
<!-- Generated by org.testng.reporters.JUnitReportReporter -->
<testsuite hostname="DESKTOP-USA7AI6" failures="0" tests="1" name="getQoutes" time="3.751" errors="0" timestamp="2021-02-25T19:12:57 GMT+01:00" skipped="0">
  <testcase classname="getQoutes" name="skyscannerQuotes" time="3.751"/>
  <system-out/>
</testsuite> <!-- getQoutes -->
