<?xml version="1.0" encoding="UTF-8"?>
<!-- Generated by org.testng.reporters.JUnitReportReporter -->
<testsuite hostname="DESKTOP-USA7AI6" failures="0" tests="1" name="getQoutes" time="4.176" errors="0" timestamp="2021-02-26T07:53:21 GMT+01:00" skipped="0">
  <testcase classname="getQoutes" name="skyscannerQuotes" time="4.176"/>
  <system-out/>
</testsuite> <!-- getQoutes -->
